2015/10/08 22:32:29 [main.go:68] [D] aaaa login rsult 3
2015/10/08 22:32:42 [main.go:68] [D] bbbb login rsult 2
2015/10/08 22:32:57 [main.go:68] [D] bbbb login rsult 2
2015/10/08 22:33:41 [main.go:68] [D] aaaa login rsult 3
2015/10/08 22:33:58 [main.go:68] [D] aaaa login rsult 3
2015/10/08 22:34:15 [main.go:68] [D] aaaa login rsult 3
2015/10/08 22:48:52 [main.go:83] [D] aaaa register success
2015/10/08 22:49:19 [main.go:83] [D] bbbb register success
2015/10/08 22:50:25 [main.go:68] [D] aaaa login rsult 5
2015/10/08 22:50:25 [main.go:108] [I] get history chat
2015/10/08 22:50:39 [main.go:68] [D] bbbb login rsult 5
2015/10/08 22:50:39 [main.go:108] [I] get history chat
2015/10/08 22:51:15 [main.go:68] [D] aaaa login rsult 5
2015/10/08 22:51:15 [main.go:108] [I] get history chat
2015/10/08 22:51:35 [main.go:68] [D] aaaa login rsult 5
2015/10/08 22:51:35 [main.go:108] [I] get history chat
2015/10/08 23:10:16 [main.go:68] [D] aaaa login rsult 5
2015/10/08 23:10:16 [main.go:108] [I] get history chat
2015/10/08 23:10:27 [main.go:68] [D] bbbb login rsult 5
2015/10/08 23:10:27 [main.go:108] [I] get history chat
2015/10/09 09:41:17 [main.go:66] [D] aaaa login rsult 3
2015/10/09 09:41:30 [main.go:66] [D] bbbb login rsult 3
2015/10/09 09:41:41 [main.go:66] [D] aaaa login rsult 5
2015/10/09 09:41:41 [main.go:106] [I] get history chat
2015/10/09 09:41:51 [main.go:66] [D] bbbb login rsult 5
2015/10/09 09:41:51 [main.go:106] [I] get history chat
2015/10/09 09:42:13 [main.go:66] [D] aaaa login rsult 5
2015/10/09 09:42:13 [main.go:106] [I] get history chat
